#
# An unexpected error has been detected by Java Runtime Environment:
#
#  EXCEPTION_ACCESS_VIOLATION (0xc0000005) at pc=0x61768dff, pid=7796, tid=2356
#
# Java VM: Java HotSpot(TM) Client VM (1.6.0-b105 mixed mode)
# Problematic frame:
# C  [client-bridge-x86.dll+0x8dff]
#
# If you would like to submit a bug report, please visit:
#   http://java.sun.com/webapps/bugreport/crash.jsp
#

---------------  T H R E A D  ---------------

Current thread (0x01dd8000):  JavaThread "main" [_thread_in_native, id=2356]

siginfo: ExceptionCode=0xc0000005, reading address 0x00000000

Registers:
EAX=0x00000000, EBX=0x0f081f90, ECX=0x0eb2b020, EDX=0x618a8514
ESP=0x0026fb30, EBP=0x0026fbc0, ESI=0x0f038d58, EDI=0x0f081f90
EIP=0x61768dff, EFLAGS=0x00010246

Top of Stack: (sp=0x0026fb30)
0x0026fb30:   96d95a17 0c70ea38 00000100 0ef98570
0x0026fb40:   01dd8000 0f038d58 00000004 0c6673b8
0x0026fb50:   74dfccc9 0026fbac 0ef98570 0f081f90
0x0026fb60:   0000000c 0000012a 6d9ad768 000009cd
0x0026fb70:   00000503 0f038d58 0f081f90 000009cd
0x0026fb80:   00000503 00000041 00000041 00000041
0x0026fb90:   00000041 00000041 0000000d 00000064
0x0026fba0:   000009d8 00000503 000009cd 0000000b 

Instructions: (pc=0x61768dff)
0x61768def:   8b 0d b8 4f 92 61 8b 11 8b 82 5c 01 00 00 ff d0
0x61768dff:   8b 10 8b c8 8b 42 0c ff d0 50 8d 4d 84 e8 bf 10 


Stack: [0x00220000,0x00270000),  sp=0x0026fb30,  free space=318k
Native frames: (J=compiled Java code, j=interpreted, Vv=VM code, C=native code)
C  [client-bridge-x86.dll+0x8dff]
C  [client-bridge-x86.dll+0x196c]
j  javabot.JNIBWAPI.startClient(Ljavabot/JNIBWAPI;)V+0
j  javabot.JNIBWAPI.start()V+2
j  bwmcts.controllers.CombatController.<init>()V+20
j  bwmcts.controllers.CombatController.main([Ljava/lang/String;)V+3
v  ~StubRoutines::call_stub

Java frames: (J=compiled Java code, j=interpreted, Vv=VM code)
j  javabot.JNIBWAPI.startClient(Ljavabot/JNIBWAPI;)V+0
j  javabot.JNIBWAPI.start()V+2
j  bwmcts.controllers.CombatController.<init>()V+20
j  bwmcts.controllers.CombatController.main([Ljava/lang/String;)V+3
v  ~StubRoutines::call_stub

---------------  P R O C E S S  ---------------

Java Threads: ( => current thread )
  0x01cf3400 JavaThread "Low Memory Detector" daemon [_thread_blocked, id=2340]
  0x01cefc00 JavaThread "CompilerThread0" daemon [_thread_blocked, id=9204]
  0x01cef400 JavaThread "Attach Listener" daemon [_thread_blocked, id=6408]
  0x01cef000 JavaThread "Signal Dispatcher" daemon [_thread_blocked, id=8340]
  0x01cdc000 JavaThread "Finalizer" daemon [_thread_blocked, id=4840]
  0x01cd7400 JavaThread "Reference Handler" daemon [_thread_blocked, id=7124]
=>0x01dd8000 JavaThread "main" [_thread_in_native, id=2356]

Other Threads:
  0x01cd4400 VMThread [id=5252]
  0x01cf4400 WatcherThread [id=5616]

VM state:not at safepoint (normal execution)

VM Mutex/Monitor currently owned by a thread: None

Heap
 def new generation   total 960K, used 854K [0x040e0000, 0x041e0000, 0x045c0000)
  eden space 896K,  88% used [0x040e0000, 0x041a5b70, 0x041c0000)
  from space 64K, 100% used [0x041d0000, 0x041e0000, 0x041e0000)
  to   space 64K,   0% used [0x041c0000, 0x041c0000, 0x041d0000)
 tenured generation   total 4096K, used 251K [0x045c0000, 0x049c0000, 0x080e0000)
   the space 4096K,   6% used [0x045c0000, 0x045fee48, 0x045ff000, 0x049c0000)
 compacting perm gen  total 12288K, used 1904K [0x080e0000, 0x08ce0000, 0x0c0e0000)
   the space 12288K,  15% used [0x080e0000, 0x082bc3a8, 0x082bc400, 0x08ce0000)
No shared spaces configured.

Dynamic libraries:
0x00400000 - 0x00423000 	C:\Program Files (x86)\Java\jre1.6.0\bin\javaw.exe
0x77480000 - 0x775e8000 	C:\WINDOWS\SYSTEM32\ntdll.dll
0x76f50000 - 0x77090000 	C:\WINDOWS\SYSTEM32\KERNEL32.DLL
0x76690000 - 0x7675f000 	C:\WINDOWS\SYSTEM32\KERNELBASE.dll
0x6f290000 - 0x6f32a000 	C:\WINDOWS\system32\apphelp.dll
0x6ef70000 - 0x6f1c2000 	C:\WINDOWS\AppPatch\AcGenral.DLL
0x76e90000 - 0x76f4e000 	C:\WINDOWS\SYSTEM32\msvcrt.dll
0x763d0000 - 0x7640e000 	C:\WINDOWS\SYSTEM32\sechost.dll
0x74eb0000 - 0x74ecd000 	C:\WINDOWS\SYSTEM32\SspiCli.dll
0x76c10000 - 0x76c51000 	C:\WINDOWS\SYSTEM32\SHLWAPI.dll
0x6faa0000 - 0x6fb7c000 	C:\WINDOWS\SYSTEM32\UxTheme.dll
0x761f0000 - 0x7633f000 	C:\WINDOWS\SYSTEM32\USER32.dll
0x76b00000 - 0x76c08000 	C:\WINDOWS\SYSTEM32\GDI32.dll
0x74850000 - 0x74870000 	C:\WINDOWS\SYSTEM32\WINMM.dll
0x706d0000 - 0x706e2000 	C:\WINDOWS\SYSTEM32\samcli.dll
0x76560000 - 0x7666b000 	C:\WINDOWS\SYSTEM32\ole32.dll
0x76810000 - 0x76897000 	C:\WINDOWS\SYSTEM32\OLEAUT32.dll
0x6f760000 - 0x6f775000 	C:\WINDOWS\SYSTEM32\MSACM32.dll
0x74c30000 - 0x74c38000 	C:\WINDOWS\SYSTEM32\VERSION.dll
0x74ed0000 - 0x76073000 	C:\WINDOWS\SYSTEM32\SHELL32.dll
0x74720000 - 0x74739000 	C:\WINDOWS\SYSTEM32\USERENV.dll
0x6f7a0000 - 0x6f7b9000 	C:\WINDOWS\SYSTEM32\dwmapi.dll
0x6f480000 - 0x6f5a4000 	C:\WINDOWS\SYSTEM32\urlmon.dll
0x768d0000 - 0x76947000 	C:\WINDOWS\SYSTEM32\ADVAPI32.dll
0x700c0000 - 0x7011e000 	C:\WINDOWS\SYSTEM32\WINSPOOL.DRV
0x70790000 - 0x707a4000 	C:\WINDOWS\SYSTEM32\MPR.dll
0x76dd0000 - 0x76e81000 	C:\WINDOWS\SYSTEM32\RPCRT4.dll
0x74ea0000 - 0x74ea9000 	C:\WINDOWS\SYSTEM32\CRYPTBASE.dll
0x760a0000 - 0x761ee000 	C:\WINDOWS\SYSTEM32\combase.dll
0x74830000 - 0x74850000 	C:\WINDOWS\SYSTEM32\WINMMBASE.dll
0x74780000 - 0x7478e000 	C:\WINDOWS\SYSTEM32\profapi.dll
0x73f70000 - 0x74185000 	C:\WINDOWS\SYSTEM32\iertutil.dll
0x74410000 - 0x745d4000 	C:\WINDOWS\SYSTEM32\WININET.dll
0x74e40000 - 0x74e91000 	C:\WINDOWS\SYSTEM32\bcryptPrimitives.dll
0x767d0000 - 0x7680a000 	C:\WINDOWS\SYSTEM32\cfgmgr32.dll
0x74810000 - 0x7482f000 	C:\WINDOWS\SYSTEM32\DEVOBJ.dll
0x74790000 - 0x74807000 	C:\WINDOWS\SYSTEM32\SHCORE.DLL
0x768a0000 - 0x768c5000 	C:\WINDOWS\system32\IMM32.DLL
0x76cc0000 - 0x76db7000 	C:\WINDOWS\SYSTEM32\MSCTF.dll
0x7c340000 - 0x7c396000 	C:\Program Files (x86)\Java\jre1.6.0\bin\msvcr71.dll
0x6d7c0000 - 0x6da07000 	C:\Program Files (x86)\Java\jre1.6.0\bin\client\jvm.dll
0x6d310000 - 0x6d318000 	C:\Program Files (x86)\Java\jre1.6.0\bin\hpi.dll
0x76dc0000 - 0x76dc6000 	C:\WINDOWS\SYSTEM32\PSAPI.DLL
0x6d770000 - 0x6d77c000 	C:\Program Files (x86)\Java\jre1.6.0\bin\verify.dll
0x6d3b0000 - 0x6d3cf000 	C:\Program Files (x86)\Java\jre1.6.0\bin\java.dll
0x6d7b0000 - 0x6d7bf000 	C:\Program Files (x86)\Java\jre1.6.0\bin\zip.dll
0x61760000 - 0x61944000 	C:\Users\Niels\Dropbox\SCAI\JNIBWAPI Starter Pack\jnibwapi\release\client-bridge-x86.dll
0x10000000 - 0x1002b000 	C:\Program Files (x86)\apache-maven-3.0.4\bin\gmp-vc90-mt.dll
0x0c520000 - 0x0c561000 	C:\Program Files (x86)\apache-maven-3.0.4\bin\mpfr-vc90-mt.dll
0x70900000 - 0x7098e000 	C:\WINDOWS\WinSxS\x86_microsoft.vc90.crt_1fc8b3b9a1e18e3b_9.0.30729.8387_none_5094ca96bcb6b2bb\MSVCP90.dll
0x74d90000 - 0x74e33000 	C:\WINDOWS\WinSxS\x86_microsoft.vc90.crt_1fc8b3b9a1e18e3b_9.0.30729.8387_none_5094ca96bcb6b2bb\MSVCR90.dll

VM Arguments:
jvm_args: -Djava.library.path=C:\Users\Niels\Dropbox\SCAI\JNIBWAPI Starter Pack\jnibwapi\release -Dfile.encoding=Cp1252
java_command: bwmcts.controllers.CombatController
Launcher Type: SUN_STANDARD

Environment Variables:
JAVA_HOME=C:\Program Files\Java\jdk1.6.0
CLASSPATH=.;
PATH=C:/Program Files/Java/jdk1.6.0/bin/../jre/bin/server;C:/Program Files/Java/jdk1.6.0/bin/../jre/bin;C:/Program Files/Java/jdk1.6.0/bin/../jre/lib/amd64;C:\Program Files (x86)\apache-maven-3.0.4\bin;C:\Program Files (x86)\Intel\iCLS Client\;C:\Program Files\Intel\iCLS Client\;C:\Program Files (x86)\NVIDIA Corporation\PhysX\Common;C:\windows\system32;C:\windows;C:\windows\System32\Wbem;C:\windows\System32\WindowsPowerShell\v1.0\;C:\Program Files (x86)\Intel\OpenCL SDK\2.0\bin\x86;C:\Program Files (x86)\Intel\OpenCL SDK\2.0\bin\x64;C:\Program Files\Intel\Intel(R) Management Engine Components\DAL;C:\Program Files\Intel\Intel(R) Management Engine Components\IPT;C:\Program Files (x86)\Intel\Intel(R) Management Engine Components\DAL;C:\Program Files (x86)\Intel\Intel(R) Management Engine Components\IPT;C:\Program Files\Intel\WiFi\bin\;C:\Program Files\Common Files\Intel\WirelessCommon\;C:\Program Files\Diskeeper Corporation\ExpressCache\;C:\Program Files\Microsoft\Web Platform Installer\;C:\Program Files (x86)\Microsoft ASP.NET\ASP.NET Web Pages\v1.0\;C:\Program Files (x86)\Windows Kits\8.0\Windows Performance Toolkit\;C:\Program Files\Microsoft SQL Server\110\Tools\Binn\;C:\Program Files\TortoiseSVN\bin;C:\Program Files (x86)\Common Files\Teleca Shared;C:\Program Files (x86)\Common Files\Adobe\AGL;C:\Program Files (x86)\QuickTime\QTSystem\;C:\Program Files (x86)\MiKTeX 2.9\miktex\bin\;ystemRoot\system32;=ystemRoot;ystemRoot\System32\Wbem;YSTEMROOT\System32\WindowsPowerShell\v1.0\;C:\Program Files\Java\jdk1.6.0\bin;C:\Ruby193\bin;C:\sqlite;C:\DevKit\bin;C:\Program Files (x86)\MySQL\MySQL Workbench CE 5.2.47;C:\Program Files (x86)\IDM Computer Solutions\UltraEdit\;C:\Program Files (x86)\WinAnt\bin;C:\Program Files\eclipse;
USERNAME=Niels
OS=Windows_NT
PROCESSOR_IDENTIFIER=Intel64 Family 6 Model 58 Stepping 9, GenuineIntel



---------------  S Y S T E M  ---------------

OS: Windows NT 6.2 Build 9200 

CPU:total 4 family 6, cmov, cx8, fxsr, mmx, sse, sse2

Memory: 4k page, physical 4194303k(1871472k free), swap 4194303k(2206572k free)

vm_info: Java HotSpot(TM) Client VM (1.6.0-b105) for windows-x86, built on Nov 29 2006 00:48:48 by "java_re" with unknown MS VC++:1310

