#
# An unexpected error has been detected by Java Runtime Environment:
#
#  EXCEPTION_ACCESS_VIOLATION (0xc0000005) at pc=0x6d8fdeb3, pid=11660, tid=11456
#
# Java VM: Java HotSpot(TM) Client VM (1.6.0-b105 mixed mode)
# Problematic frame:
# V  [jvm.dll+0x13deb3]
#
# If you would like to submit a bug report, please visit:
#   http://java.sun.com/webapps/bugreport/crash.jsp
#

---------------  T H R E A D  ---------------

Current thread (0x01ca4800):  VMThread [id=11456]

siginfo: ExceptionCode=0xc0000005, reading address 0x00000014

Registers:
EAX=0x00000000, EBX=0x00000000, ECX=0x006a05ff, EDX=0x0837c770
ESP=0x01dcf678, EBP=0x01dcf77c, ESI=0x006a05ff, EDI=0x0837c9ac
EIP=0x6d8fdeb3, EFLAGS=0x00010202

Top of Stack: (sp=0x01dcf678)
0x01dcf678:   6d7dbe89 0837c97c 0837c9ac 01dcf6a4
0x01dcf688:   6d85e5b6 0837c9ac 00000000 01ca4800
0x01dcf698:   01dcf784 6d85f192 01dcf77c 01ca5248
0x01dcf6a8:   00000064 00000064 000000d0 00000057
0x01dcf6b8:   6d861600 6d861734 01ca5248 01ca30a0
0x01dcf6c8:   00000098 00010000 01dcf77c 00000000
0x01dcf6d8:   00000000 01dcf6f8 6d85f510 00000000
0x01dcf6e8:   01ca4800 01dcf77c 01ed1560 00010100 

Instructions: (pc=0x6d8fdeb3)
0x6d8fdea3:   5e c3 33 c0 3b fe 0f 95 c0 5f 5e c3 cc 8b 41 0c
0x6d8fdeb3:   8b 50 14 8b 82 08 01 00 00 85 c0 56 57 74 27 8b 


Stack: [0x01d80000,0x01dd0000),  sp=0x01dcf678,  free space=317k
Native frames: (J=compiled Java code, j=interpreted, Vv=VM code, C=native code)
V  [jvm.dll+0x13deb3]

VM_Operation (0x0039f2e0): generation collection for allocation, mode: safepoint, requested by thread 0x01ed8400


---------------  P R O C E S S  ---------------

Java Threads: ( => current thread )
  0x0f881400 
[error occurred during error reporting, step 170, id 0xc0000005]

VM state:at safepoint (normal execution)

VM Mutex/Monitor currently owned by a thread:  ([mutex/lock_event])
[0x01ed6f30/0x00000214] Threads_lock - owner thread: 0x01ca4800
[0x01ed7820/0x00000254] Heap_lock - owner thread: 0x01ed8400

Heap
 def new generation   total 1024K, used 29K [0x041e0000, 0x042f0000, 0x046c0000)
  eden space 960K,   0% used [0x041e0000, 0x041e0000, 0x042d0000)
  from space 64K,  46% used [0x042e0000, 0x042e76f0, 0x042f0000)
  to   space 64K,   0% used [0x042d0000, 0x042d0000, 0x042e0000)
 tenured generation   total 12464K, used 12459K [0x046c0000, 0x052ec000, 0x081e0000)
   the space 12464K,  99% used [0x046c0000, 0x052eae10, 0x04d9c800, 0x052ec000)
 compacting perm gen  total 12288K, used 6439K [0x081e0000, 0x08de0000, 0x0c1e0000)
   the space 12288K,  52% used [0x081e0000, 0x08829cf0, 0x0881dc00, 0x08de0000)
No shared spaces configured.

Dynamic libraries:
0x00400000 - 0x00423000 	C:\Program Files (x86)\Java\jre1.6.0\bin\javaw.exe
0x77480000 - 0x775e8000 	C:\WINDOWS\SYSTEM32\ntdll.dll
0x76f50000 - 0x77090000 	C:\WINDOWS\SYSTEM32\KERNEL32.DLL
0x76690000 - 0x7675f000 	C:\WINDOWS\SYSTEM32\KERNELBASE.dll
0x6f290000 - 0x6f32a000 	C:\WINDOWS\system32\apphelp.dll
0x6efb0000 - 0x6f202000 	C:\WINDOWS\AppPatch\AcGenral.DLL
0x76e90000 - 0x76f4e000 	C:\WINDOWS\SYSTEM32\msvcrt.dll
0x763d0000 - 0x7640e000 	C:\WINDOWS\SYSTEM32\sechost.dll
0x74eb0000 - 0x74ecd000 	C:\WINDOWS\SYSTEM32\SspiCli.dll
0x76c10000 - 0x76c51000 	C:\WINDOWS\SYSTEM32\SHLWAPI.dll
0x6faa0000 - 0x6fb7c000 	C:\WINDOWS\SYSTEM32\UxTheme.dll
0x761f0000 - 0x7633f000 	C:\WINDOWS\SYSTEM32\USER32.dll
0x76b00000 - 0x76c08000 	C:\WINDOWS\SYSTEM32\GDI32.dll
0x74850000 - 0x74870000 	C:\WINDOWS\SYSTEM32\WINMM.dll
0x706d0000 - 0x706e2000 	C:\WINDOWS\SYSTEM32\samcli.dll
0x76560000 - 0x7666b000 	C:\WINDOWS\SYSTEM32\ole32.dll
0x76810000 - 0x76897000 	C:\WINDOWS\SYSTEM32\OLEAUT32.dll
0x6ef90000 - 0x6efa5000 	C:\WINDOWS\SYSTEM32\MSACM32.dll
0x74c30000 - 0x74c38000 	C:\WINDOWS\SYSTEM32\VERSION.dll
0x74ed0000 - 0x76073000 	C:\WINDOWS\SYSTEM32\SHELL32.dll
0x74720000 - 0x74739000 	C:\WINDOWS\SYSTEM32\USERENV.dll
0x6f890000 - 0x6f8a9000 	C:\WINDOWS\SYSTEM32\dwmapi.dll
0x6f480000 - 0x6f5a4000 	C:\WINDOWS\SYSTEM32\urlmon.dll
0x768d0000 - 0x76947000 	C:\WINDOWS\SYSTEM32\ADVAPI32.dll
0x700c0000 - 0x7011e000 	C:\WINDOWS\SYSTEM32\WINSPOOL.DRV
0x70790000 - 0x707a4000 	C:\WINDOWS\SYSTEM32\MPR.dll
0x76dd0000 - 0x76e81000 	C:\WINDOWS\SYSTEM32\RPCRT4.dll
0x74ea0000 - 0x74ea9000 	C:\WINDOWS\SYSTEM32\CRYPTBASE.dll
0x760a0000 - 0x761ee000 	C:\WINDOWS\SYSTEM32\combase.dll
0x74830000 - 0x74850000 	C:\WINDOWS\SYSTEM32\WINMMBASE.dll
0x74780000 - 0x7478e000 	C:\WINDOWS\SYSTEM32\profapi.dll
0x73f70000 - 0x74185000 	C:\WINDOWS\SYSTEM32\iertutil.dll
0x74410000 - 0x745d4000 	C:\WINDOWS\SYSTEM32\WININET.dll
0x74e40000 - 0x74e91000 	C:\WINDOWS\SYSTEM32\bcryptPrimitives.dll
0x767d0000 - 0x7680a000 	C:\WINDOWS\SYSTEM32\cfgmgr32.dll
0x74810000 - 0x7482f000 	C:\WINDOWS\SYSTEM32\DEVOBJ.dll
0x74790000 - 0x74807000 	C:\WINDOWS\SYSTEM32\SHCORE.DLL
0x768a0000 - 0x768c5000 	C:\WINDOWS\system32\IMM32.DLL
0x76cc0000 - 0x76db7000 	C:\WINDOWS\SYSTEM32\MSCTF.dll
0x7c340000 - 0x7c396000 	C:\Program Files (x86)\Java\jre1.6.0\bin\msvcr71.dll
0x6d7c0000 - 0x6da07000 	C:\Program Files (x86)\Java\jre1.6.0\bin\client\jvm.dll
0x6d310000 - 0x6d318000 	C:\Program Files (x86)\Java\jre1.6.0\bin\hpi.dll
0x76dc0000 - 0x76dc6000 	C:\WINDOWS\SYSTEM32\PSAPI.DLL
0x6d400000 - 0x6d429000 	C:\Program Files (x86)\Java\jre1.6.0\bin\jdwp.dll
0x6d6c0000 - 0x6d6c6000 	C:\Program Files (x86)\Java\jre1.6.0\bin\npt.dll
0x6d770000 - 0x6d77c000 	C:\Program Files (x86)\Java\jre1.6.0\bin\verify.dll
0x6d3b0000 - 0x6d3cf000 	C:\Program Files (x86)\Java\jre1.6.0\bin\java.dll
0x6d7b0000 - 0x6d7bf000 	C:\Program Files (x86)\Java\jre1.6.0\bin\zip.dll
0x6d280000 - 0x6d287000 	C:\Program Files (x86)\Java\jre1.6.0\bin\dt_socket.dll
0x76c60000 - 0x76cad000 	C:\WINDOWS\SYSTEM32\WS2_32.dll
0x76090000 - 0x76097000 	C:\WINDOWS\SYSTEM32\NSI.dll
0x66b00000 - 0x66b10000 	C:\WINDOWS\system32\napinsp.dll
0x66ae0000 - 0x66af4000 	C:\WINDOWS\system32\pnrpnsp.dll
0x6eef0000 - 0x6ef02000 	C:\WINDOWS\system32\NLAapi.dll
0x74690000 - 0x746d5000 	C:\WINDOWS\System32\mswsock.dll
0x73be0000 - 0x73c5c000 	C:\WINDOWS\SYSTEM32\DNSAPI.dll
0x66ad0000 - 0x66ad9000 	C:\WINDOWS\System32\winrnr.dll
0x63da0000 - 0x63daf000 	C:\WINDOWS\system32\wshbth.dll
0x73b50000 - 0x73b94000 	C:\WINDOWS\System32\fwpuclnt.dll
0x73ba0000 - 0x73ba7000 	C:\Windows\System32\rasadhlp.dll
0x5ca00000 - 0x5cbe4000 	C:\Users\Niels\Dropbox\SCAI\JNIBWAPI Starter Pack\jnibwapi\release\client-bridge-x86.dll
0x10000000 - 0x1002b000 	C:\Program Files (x86)\apache-maven-3.0.4\bin\gmp-vc90-mt.dll
0x0c6b0000 - 0x0c6f1000 	C:\Program Files (x86)\apache-maven-3.0.4\bin\mpfr-vc90-mt.dll
0x70900000 - 0x7098e000 	C:\WINDOWS\WinSxS\x86_microsoft.vc90.crt_1fc8b3b9a1e18e3b_9.0.30729.8387_none_5094ca96bcb6b2bb\MSVCP90.dll
0x74d90000 - 0x74e33000 	C:\WINDOWS\WinSxS\x86_microsoft.vc90.crt_1fc8b3b9a1e18e3b_9.0.30729.8387_none_5094ca96bcb6b2bb\MSVCR90.dll
0x6d000000 - 0x6d1c3000 	C:\Program Files (x86)\Java\jre1.6.0\bin\awt.dll
0x74d80000 - 0x74d89000 	C:\WINDOWS\SYSTEM32\kernel.appcore.dll
0x6d2b0000 - 0x6d303000 	C:\Program Files (x86)\Java\jre1.6.0\bin\fontmanager.dll
0x6d570000 - 0x6d583000 	C:\Program Files (x86)\Java\jre1.6.0\bin\net.dll
0x6d590000 - 0x6d599000 	C:\Program Files (x86)\Java\jre1.6.0\bin\nio.dll

VM Arguments:
jvm_args: -agentlib:jdwp=transport=dt_socket,suspend=y,address=localhost:49391 -Djava.library.path=C:\Users\Niels\Dropbox\SCAI\JNIBWAPI Starter Pack\jnibwapi\release -Dfile.encoding=Cp1252
java_command: bwmcts.test.Test
Launcher Type: SUN_STANDARD

Environment Variables:
JAVA_HOME=C:\Program Files\Java\jdk1.6.0
CLASSPATH=.;
PATH=C:/Program Files/Java/jdk1.6.0/bin/../jre/bin/server;C:/Program Files/Java/jdk1.6.0/bin/../jre/bin;C:/Program Files/Java/jdk1.6.0/bin/../jre/lib/amd64;C:\Program Files (x86)\apache-maven-3.0.4\bin;C:\Program Files (x86)\Intel\iCLS Client\;C:\Program Files\Intel\iCLS Client\;C:\Program Files (x86)\NVIDIA Corporation\PhysX\Common;C:\windows\system32;C:\windows;C:\windows\System32\Wbem;C:\windows\System32\WindowsPowerShell\v1.0\;C:\Program Files (x86)\Intel\OpenCL SDK\2.0\bin\x86;C:\Program Files (x86)\Intel\OpenCL SDK\2.0\bin\x64;C:\Program Files\Intel\Intel(R) Management Engine Components\DAL;C:\Program Files\Intel\Intel(R) Management Engine Components\IPT;C:\Program Files (x86)\Intel\Intel(R) Management Engine Components\DAL;C:\Program Files (x86)\Intel\Intel(R) Management Engine Components\IPT;C:\Program Files\Intel\WiFi\bin\;C:\Program Files\Common Files\Intel\WirelessCommon\;C:\Program Files\Diskeeper Corporation\ExpressCache\;C:\Program Files\Microsoft\Web Platform Installer\;C:\Program Files (x86)\Microsoft ASP.NET\ASP.NET Web Pages\v1.0\;C:\Program Files (x86)\Windows Kits\8.0\Windows Performance Toolkit\;C:\Program Files\Microsoft SQL Server\110\Tools\Binn\;C:\Program Files\TortoiseSVN\bin;C:\Program Files (x86)\Common Files\Teleca Shared;C:\Program Files (x86)\Common Files\Adobe\AGL;C:\Program Files (x86)\QuickTime\QTSystem\;C:\Program Files (x86)\MiKTeX 2.9\miktex\bin\;ystemRoot\system32;=ystemRoot;ystemRoot\System32\Wbem;YSTEMROOT\System32\WindowsPowerShell\v1.0\;C:\Program Files\Java\jdk1.6.0\bin;C:\Ruby193\bin;C:\sqlite;C:\DevKit\bin;C:\Program Files (x86)\MySQL\MySQL Workbench CE 5.2.47;C:\Program Files (x86)\IDM Computer Solutions\UltraEdit\;C:\Program Files (x86)\WinAnt\bin;C:\Program Files\eclipse;
USERNAME=Niels
OS=Windows_NT
PROCESSOR_IDENTIFIER=Intel64 Family 6 Model 58 Stepping 9, GenuineIntel



---------------  S Y S T E M  ---------------

OS: Windows NT 6.2 Build 9200 

CPU:total 4 family 6, cmov, cx8, fxsr, mmx, sse, sse2

Memory: 4k page, physical 4194303k(2614068k free), swap 4194303k(3367072k free)

vm_info: Java HotSpot(TM) Client VM (1.6.0-b105) for windows-x86, built on Nov 29 2006 00:48:48 by "java_re" with unknown MS VC++:1310

