#
# An unexpected error has been detected by Java Runtime Environment:
#
#  EXCEPTION_ACCESS_VIOLATION (0xc0000005) at pc=0x540a9527, pid=25000, tid=28384
#
# Java VM: Java HotSpot(TM) Client VM (1.6.0-b105 mixed mode)
# Problematic frame:
# C  [client-bridge-x86.dll+0x9527]
#
# If you would like to submit a bug report, please visit:
#   http://java.sun.com/webapps/bugreport/crash.jsp
#

---------------  T H R E A D  ---------------

Current thread (0x003b8000):  JavaThread "main" [_thread_in_native, id=28384]

siginfo: ExceptionCode=0xc0000005, reading address 0x00000000

Registers:
EAX=0x00000000, EBX=0x0f151d98, ECX=0x0f36a020, EDX=0x540b7a00
ESP=0x0037fb10, EBP=0x0037fbc0, ESI=0x0f151d98, EDI=0x0eec4008
EIP=0x540a9527, EFLAGS=0x00010246

Top of Stack: (sp=0x0037fb10)
0x0037fb10:   8e4336c6 0c64eaf0 00000100 0edb7be0
0x0037fb20:   0037fb14 0037fb18 0037fda0 6d983bba
0x0037fb30:   6d9883c0 000002fb 0000019b 6d7d7e98
0x0037fb40:   003b8000 000002fb 0000019b 003b8000
0x0037fb50:   00000006 00000004 0c64eaf0 00000100
0x0037fb60:   0037fbb8 0edb7be0 003b8000 00000000
0x0037fb70:   6d983bba 0eec4008 0000000e 00000002
0x0037fb80:   04630998 00007d20 6d9a1ef8 0f151d98 

Instructions: (pc=0x540a9527)
0x540a9517:   8b 0d b8 4f 26 54 8b 01 8b 90 5c 01 00 00 ff d2
0x540a9527:   8b 10 8b c8 8b 42 0c ff d0 50 8d 4d b4 e8 97 09 


Stack: [0x00330000,0x00380000),  sp=0x0037fb10,  free space=318k
Native frames: (J=compiled Java code, j=interpreted, Vv=VM code, C=native code)
C  [client-bridge-x86.dll+0x9527]
C  [client-bridge-x86.dll+0x197a]
j  javabot.JNIBWAPI.startClient(Ljavabot/JNIBWAPI;)V+0
j  javabot.JNIBWAPI.start()V+2
j  bwmcts.controllers.CombatController.<init>()V+25
j  bwmcts.controllers.CombatController.main([Ljava/lang/String;)V+3
v  ~StubRoutines::call_stub

Java frames: (J=compiled Java code, j=interpreted, Vv=VM code)
j  javabot.JNIBWAPI.startClient(Ljavabot/JNIBWAPI;)V+0
j  javabot.JNIBWAPI.start()V+2
j  bwmcts.controllers.CombatController.<init>()V+25
j  bwmcts.controllers.CombatController.main([Ljava/lang/String;)V+3
v  ~StubRoutines::call_stub

---------------  P R O C E S S  ---------------

Java Threads: ( => current thread )
  0x01d13800 JavaThread "Low Memory Detector" daemon [_thread_blocked, id=28764]
  0x01d0e800 JavaThread "CompilerThread0" daemon [_thread_blocked, id=29128]
  0x01d0e400 JavaThread "Attach Listener" daemon [_thread_blocked, id=25720]
  0x01d0dc00 JavaThread "Signal Dispatcher" daemon [_thread_blocked, id=25076]
  0x01cfc400 JavaThread "Finalizer" daemon [_thread_blocked, id=29444]
  0x01cf7800 JavaThread "Reference Handler" daemon [_thread_blocked, id=28696]
=>0x003b8000 JavaThread "main" [_thread_in_native, id=28384]

Other Threads:
  0x01cf4800 VMThread [id=27124]
  0x01d14800 WatcherThread [id=24624]

VM state:not at safepoint (normal execution)

VM Mutex/Monitor currently owned by a thread: None

Heap
 def new generation   total 960K, used 562K [0x04150000, 0x04250000, 0x04630000)
  eden space 896K,  55% used [0x04150000, 0x041cc958, 0x04230000)
  from space 64K,  99% used [0x04240000, 0x0424fff8, 0x04250000)
  to   space 64K,   0% used [0x04230000, 0x04230000, 0x04240000)
 tenured generation   total 4096K, used 998K [0x04630000, 0x04a30000, 0x08150000)
   the space 4096K,  24% used [0x04630000, 0x04729a70, 0x04729c00, 0x04a30000)
 compacting perm gen  total 12288K, used 2451K [0x08150000, 0x08d50000, 0x0c150000)
   the space 12288K,  19% used [0x08150000, 0x083b4fb0, 0x083b5000, 0x08d50000)
No shared spaces configured.

Dynamic libraries:
0x00400000 - 0x00423000 	C:\Program Files (x86)\Java\jre1.6.0\bin\javaw.exe
0x77480000 - 0x775e8000 	C:\WINDOWS\SYSTEM32\ntdll.dll
0x76f50000 - 0x77090000 	C:\WINDOWS\SYSTEM32\KERNEL32.DLL
0x76690000 - 0x7675f000 	C:\WINDOWS\SYSTEM32\KERNELBASE.dll
0x6f290000 - 0x6f32a000 	C:\WINDOWS\system32\apphelp.dll
0x6ec30000 - 0x6ee82000 	C:\WINDOWS\AppPatch\AcGenral.DLL
0x76e90000 - 0x76f4e000 	C:\WINDOWS\SYSTEM32\msvcrt.dll
0x763d0000 - 0x7640e000 	C:\WINDOWS\SYSTEM32\sechost.dll
0x74eb0000 - 0x74ecd000 	C:\WINDOWS\SYSTEM32\SspiCli.dll
0x76c10000 - 0x76c51000 	C:\WINDOWS\SYSTEM32\SHLWAPI.dll
0x6faa0000 - 0x6fb7c000 	C:\WINDOWS\SYSTEM32\UxTheme.dll
0x761f0000 - 0x7633f000 	C:\WINDOWS\SYSTEM32\USER32.dll
0x76b00000 - 0x76c08000 	C:\WINDOWS\SYSTEM32\GDI32.dll
0x74850000 - 0x74870000 	C:\WINDOWS\SYSTEM32\WINMM.dll
0x706d0000 - 0x706e2000 	C:\WINDOWS\SYSTEM32\samcli.dll
0x76560000 - 0x7666b000 	C:\WINDOWS\SYSTEM32\ole32.dll
0x76810000 - 0x76897000 	C:\WINDOWS\SYSTEM32\OLEAUT32.dll
0x6f870000 - 0x6f885000 	C:\WINDOWS\SYSTEM32\MSACM32.dll
0x74c30000 - 0x74c38000 	C:\WINDOWS\SYSTEM32\VERSION.dll
0x74ed0000 - 0x76073000 	C:\WINDOWS\SYSTEM32\SHELL32.dll
0x74720000 - 0x74739000 	C:\WINDOWS\SYSTEM32\USERENV.dll
0x6f0a0000 - 0x6f0b9000 	C:\WINDOWS\SYSTEM32\dwmapi.dll
0x6f480000 - 0x6f5a4000 	C:\WINDOWS\SYSTEM32\urlmon.dll
0x768d0000 - 0x76947000 	C:\WINDOWS\SYSTEM32\ADVAPI32.dll
0x700c0000 - 0x7011e000 	C:\WINDOWS\SYSTEM32\WINSPOOL.DRV
0x70790000 - 0x707a4000 	C:\WINDOWS\SYSTEM32\MPR.dll
0x76dd0000 - 0x76e81000 	C:\WINDOWS\SYSTEM32\RPCRT4.dll
0x74ea0000 - 0x74ea9000 	C:\WINDOWS\SYSTEM32\CRYPTBASE.dll
0x760a0000 - 0x761ee000 	C:\WINDOWS\SYSTEM32\combase.dll
0x74830000 - 0x74850000 	C:\WINDOWS\SYSTEM32\WINMMBASE.dll
0x74780000 - 0x7478e000 	C:\WINDOWS\SYSTEM32\profapi.dll
0x73f70000 - 0x74185000 	C:\WINDOWS\SYSTEM32\iertutil.dll
0x74410000 - 0x745d4000 	C:\WINDOWS\SYSTEM32\WININET.dll
0x74e40000 - 0x74e91000 	C:\WINDOWS\SYSTEM32\bcryptPrimitives.dll
0x767d0000 - 0x7680a000 	C:\WINDOWS\SYSTEM32\cfgmgr32.dll
0x74810000 - 0x7482f000 	C:\WINDOWS\SYSTEM32\DEVOBJ.dll
0x74790000 - 0x74807000 	C:\WINDOWS\SYSTEM32\SHCORE.DLL
0x768a0000 - 0x768c5000 	C:\WINDOWS\system32\IMM32.DLL
0x76cc0000 - 0x76db7000 	C:\WINDOWS\SYSTEM32\MSCTF.dll
0x7c340000 - 0x7c396000 	C:\Program Files (x86)\Java\jre1.6.0\bin\msvcr71.dll
0x6d7c0000 - 0x6da07000 	C:\Program Files (x86)\Java\jre1.6.0\bin\client\jvm.dll
0x6d310000 - 0x6d318000 	C:\Program Files (x86)\Java\jre1.6.0\bin\hpi.dll
0x76dc0000 - 0x76dc6000 	C:\WINDOWS\SYSTEM32\PSAPI.DLL
0x6d770000 - 0x6d77c000 	C:\Program Files (x86)\Java\jre1.6.0\bin\verify.dll
0x6d3b0000 - 0x6d3cf000 	C:\Program Files (x86)\Java\jre1.6.0\bin\java.dll
0x6d7b0000 - 0x6d7bf000 	C:\Program Files (x86)\Java\jre1.6.0\bin\zip.dll
0x540a0000 - 0x54284000 	C:\Users\Niels\Dropbox\SCAI\JNIBWAPI Starter Pack\jnibwapi\release\client-bridge-x86.dll
0x10000000 - 0x1002b000 	C:\Program Files (x86)\apache-maven-3.0.4\bin\gmp-vc90-mt.dll
0x0c500000 - 0x0c541000 	C:\Program Files (x86)\apache-maven-3.0.4\bin\mpfr-vc90-mt.dll
0x70900000 - 0x7098e000 	C:\WINDOWS\WinSxS\x86_microsoft.vc90.crt_1fc8b3b9a1e18e3b_9.0.30729.8387_none_5094ca96bcb6b2bb\MSVCP90.dll
0x74d90000 - 0x74e33000 	C:\WINDOWS\WinSxS\x86_microsoft.vc90.crt_1fc8b3b9a1e18e3b_9.0.30729.8387_none_5094ca96bcb6b2bb\MSVCR90.dll

VM Arguments:
jvm_args: -Djava.library.path=C:\Users\Niels\Dropbox\SCAI\JNIBWAPI Starter Pack\jnibwapi\release -Dfile.encoding=Cp1252
java_command: bwmcts.controllers.CombatController
Launcher Type: SUN_STANDARD

Environment Variables:
JAVA_HOME=C:\Program Files\Java\jdk1.6.0
CLASSPATH=.;
PATH=C:/Program Files/Java/jdk1.6.0/bin/../jre/bin/server;C:/Program Files/Java/jdk1.6.0/bin/../jre/bin;C:/Program Files/Java/jdk1.6.0/bin/../jre/lib/amd64;C:\Program Files (x86)\apache-maven-3.0.4\bin;C:\Program Files (x86)\Intel\iCLS Client\;C:\Program Files\Intel\iCLS Client\;C:\Program Files (x86)\NVIDIA Corporation\PhysX\Common;C:\windows\system32;C:\windows;C:\windows\System32\Wbem;C:\windows\System32\WindowsPowerShell\v1.0\;C:\Program Files (x86)\Intel\OpenCL SDK\2.0\bin\x86;C:\Program Files (x86)\Intel\OpenCL SDK\2.0\bin\x64;C:\Program Files\Intel\Intel(R) Management Engine Components\DAL;C:\Program Files\Intel\Intel(R) Management Engine Components\IPT;C:\Program Files (x86)\Intel\Intel(R) Management Engine Components\DAL;C:\Program Files (x86)\Intel\Intel(R) Management Engine Components\IPT;C:\Program Files\Intel\WiFi\bin\;C:\Program Files\Common Files\Intel\WirelessCommon\;C:\Program Files\Diskeeper Corporation\ExpressCache\;C:\Program Files\Microsoft\Web Platform Installer\;C:\Program Files (x86)\Microsoft ASP.NET\ASP.NET Web Pages\v1.0\;C:\Program Files (x86)\Windows Kits\8.0\Windows Performance Toolkit\;C:\Program Files\Microsoft SQL Server\110\Tools\Binn\;C:\Program Files\TortoiseSVN\bin;C:\Program Files (x86)\Common Files\Teleca Shared;C:\Program Files (x86)\Common Files\Adobe\AGL;C:\Program Files (x86)\QuickTime\QTSystem\;C:\Program Files (x86)\MiKTeX 2.9\miktex\bin\;ystemRoot\system32;=ystemRoot;ystemRoot\System32\Wbem;YSTEMROOT\System32\WindowsPowerShell\v1.0\;C:\Program Files (x86)\gnuplot\bin;C:\Program Files\Java\jdk1.6.0\bin;C:\Ruby193\bin;C:\sqlite;C:\DevKit\bin;C:\Program Files (x86)\MySQL\MySQL Workbench CE 5.2.47;C:\Program Files (x86)\IDM Computer Solutions\UltraEdit\;C:\Program Files (x86)\WinAnt\bin;C:\Program Files\eclipse;
USERNAME=Niels
OS=Windows_NT
PROCESSOR_IDENTIFIER=Intel64 Family 6 Model 58 Stepping 9, GenuineIntel



---------------  S Y S T E M  ---------------

OS: Windows NT 6.2 Build 9200 

CPU:total 4 family 6, cmov, cx8, fxsr, mmx, sse, sse2

Memory: 4k page, physical 4194303k(1677984k free), swap 4194303k(1861704k free)

vm_info: Java HotSpot(TM) Client VM (1.6.0-b105) for windows-x86, built on Nov 29 2006 00:48:48 by "java_re" with unknown MS VC++:1310

